<?xml version="1.0" encoding="UTF-8"?>
<testsuite xmlns:xsi="http://www.w3.org/2001/XMLSchema-instance" xsi:noNamespaceSchemaLocation="https://maven.apache.org/surefire/maven-surefire-plugin/xsd/surefire-test-report.xsd" name="ar.edu.itba.paw.UserServiceImplTest" time="1.634" tests="9" errors="0" skipped="0" failures="0">
  <properties>
[...]
</properties>
  <testcase name="testBan" classname="ar.edu.itba.paw.UserServiceImplTest" time="0.022"/>
  <testcase name="testIsBanned" classname="ar.edu.itba.paw.UserServiceImplTest" time="0.002"/>
  <testcase name="testValidatePasswordToken" classname="ar.edu.itba.paw.UserServiceImplTest" time="0.002"/>
  <testcase name="testVerifyAccount" classname="ar.edu.itba.paw.UserServiceImplTest" time="0.009"/>
  <testcase name="testIsManager" classname="ar.edu.itba.paw.UserServiceImplTest" time="0.002"/>
  <testcase name="testCreate" classname="ar.edu.itba.paw.UserServiceImplTest" time="0.016"/>
  <testcase name="testChangeUser" classname="ar.edu.itba.paw.UserServiceImplTest" time="0.003"/>
  <testcase name="testIsAdmin" classname="ar.edu.itba.paw.UserServiceImplTest" time="0.001"/>
  <testcase name="testResetPassword" classname="ar.edu.itba.paw.UserServiceImplTest" time="0.002"/>
</testsuite>